2024-05-21 21:20:07,205 Пользователь: как дела, Бот: Не жалуюсь, спасибо!
2024-05-21 21:20:12,985 Пользователь: тебе, Бот: Работаю над улучшением навыков.
2024-05-21 21:29:29,929 Пользователь: как дела, Бот: Не жалуюсь, спасибо!
2024-05-21 21:53:15,009 Пользователь: как дела, Бот: Неплохо, а у вас?
2024-05-21 21:53:37,925 Пользователь: как дела, Бот: Неплохо, а у вас?
2024-05-21 21:55:17,962 Пользователь: да, Бот: Неплохо, а у вас?
2024-05-21 22:18:41,673 Пользователь: как дела, Бот: Неплохо, а у вас?
2024-05-21 22:22:20,051 Пользователь: как дела, Бот: Неплохо, а у вас?
2024-05-21 22:23:30,634 Пользователь: как взяла, Бот: Неплохо, а у вас?
2024-05-21 22:24:50,504 Пользователь: каждый на, Бот: Неплохо, а у вас?
2024-05-21 22:26:33,078 Пользователь: как дела, Бот: Неплохо, а у вас?
2024-05-21 22:27:15,718 Пользователь: как дела, Бот: Неплохо, а у вас?
2024-05-21 22:29:50,493 Пользователь: как дела, Бот: У меня всё отлично, спасибо!
2024-05-21 22:30:17,627 Пользователь: как дела, Бот: У меня всё отлично, спасибо!
2024-05-21 22:31:15,380 Пользователь: как дела, Бот: Неплохо, а у вас?
2024-05-21 22:31:29,798 Пользователь: как дела, Бот: У меня всё отлично, спасибо!
2024-05-21 22:32:36,980 Пользователь: как дела, Бот: У меня всё отлично, спасибо!
2024-05-21 22:36:07,651 Пользователь: как дела, Бот: Неплохо, а у вас?
2024-05-21 22:39:02,245 Пользователь: как дела, Бот: Не жалуюсь, спасибо!
2024-05-21 22:39:38,463 Пользователь: как дела, Бот: У меня всё отлично, спасибо!
2024-05-21 22:42:38,498 Пользователь: как дела, Бот: Неплохо, а у вас?
2024-05-21 22:43:39,729 Пользователь: как дела, Бот: Не жалуюсь, спасибо!
2024-05-21 22:44:59,868 Пользователь: как дела, Бот: У меня всё отлично, спасибо!
2024-05-21 22:45:24,072 Пользователь: подняла, Бот: Помогаю пользователям.
2024-05-22 09:39:55,297 Пользователь: как дела, Бот: Неплохо, а у вас?
2024-05-22 09:39:59,650 Пользователь: что делаешь, Бот: Отвечаю на вопросы.
2024-05-22 09:40:18,893 Пользователь: как дела, Бот: Не жалуюсь, спасибо!
2024-05-24 20:53:37,564 Пользователь: как дела, Бот: У меня всё отлично, спасибо!
2024-05-24 20:53:43,603 Пользователь: то ли я ложь, Бот: Работаю над улучшением навыков.
2024-05-24 20:53:53,619 Пользователь: что такое свет, Бот: Свет — электромагнитное излучение, воспринимаемое человеческим глазом. В качестве коротковолновой границы спектрального диапазона, занимаемого светом, принят участок с длинами волн в вакууме 380\u2212400 нм (750\u2212790 ТГц), а в качестве длинноволновой границы — участок 760\u2212780 нм (385\u2212395 ТГц).
В широком смысле, используемом в физической оптике, светом часто называют любое оптическое излучение, то есть такое электромагнитное излучение, длины волн которого лежат в диапазоне с приблизительными границами от единиц нанометров до десятых долей миллиметра. В этом случае в понятие «свет» помимо видимого излучения включаются как инфракрасное, так и ультрафиолетовое излучения.
Раздел физики, в котором изучается свет, носит название оптика.
Также, особенно в теоретической физике, термин свет может иногда выступать просто синонимом термина электромагнитное излучение, независимо от его частоты, особенно когда конкретизация не важна, а хотят, например, использовать более короткое слово.
Свет может рассматриваться либо как электромагнитная волна, скорость распространения в вакууме которой постоянна, либо как поток фотонов — частиц, обладающих определённой энергией, импульсом, собственным моментом импульса и нулевой массой (или, как говорили ранее, нулевой массой покоя).
2024-05-24 21:03:14,764 Пользователь: выключи, Бот: Компьютер будет выключен в ближайшее время. Спасибо за использование.
2024-05-24 21:05:36,846 Пользователь: я компьютер, Бот: Извините, я не поняла вас.
2024-05-24 21:05:44,192 Пользователь: я ты загрузи, Бот: Перезагрузка системы начнется сейчас
2024-05-24 21:08:10,633 Пользователь: что такое школа, Бот: Шко\u0301ла (от  — досуг, учебное занятие, школа) — учебное заведение для получения общего образования. В широком смысле слово может применяться к названию любого образовательного учреждения (музыкальная школа, художественная школа, спортивная школа — ДЮСШ, школа боевых искусств и т. д.).
